# JRE version: OpenJDK Runtime Environment (8.0_242-b01) (build 1.8.0_242-release-1644-b01)
# Java VM: OpenJDK 64-Bit Server VM (25.242-b01 mixed mode windows-amd64 compressed oops)
Heap:
 PSYoungGen      total 254976K, used 202086K [0x00000000e0000000, 0x00000000f0780000, 0x0000000100000000)
  eden space 240128K, 77% used [0x00000000e0000000,0x00000000eb6db820,0x00000000eea80000)
  from space 14848K, 99% used [0x00000000eea80000,0x00000000ef8fe040,0x00000000ef900000)
  to   space 10752K, 0% used [0x00000000efd00000,0x00000000efd00000,0x00000000f0780000)
 ParOldGen       total 168960K, used 43633K [0x00000000a0000000, 0x00000000aa500000, 0x00000000e0000000)
  object space 168960K, 25% used [0x00000000a0000000,0x00000000a2a9c7a0,0x00000000aa500000)
 Metaspace       used 71310K, capacity 74523K, committed 74776K, reserved 1114112K
  class space    used 9822K, capacity 10513K, committed 10544K, reserved 1048576K
GC Heap History (10 events):
Event: 2.970 GC heap before
{Heap before GC invocations=8 (full 2):
 PSYoungGen      total 250880K, used 9828K [0x00000000e0000000, 0x00000000f0780000, 0x0000000100000000)
  eden space 240128K, 0% used [0x00000000e0000000,0x00000000e0000000,0x00000000eea80000)
  from space 10752K, 91% used [0x00000000efd00000,0x00000000f06993d8,0x00000000f0780000)
  to   space 14848K, 0% used [0x00000000eea80000,0x00000000eea80000,0x00000000ef900000)
 ParOldGen       total 82944K, used 10062K [0x00000000a0000000, 0x00000000a5100000, 0x00000000e0000000)
  object space 82944K, 12% used [0x00000000a0000000,0x00000000a09d3870,0x00000000a5100000)
 Metaspace       used 34468K, capacity 35382K, committed 35496K, reserved 1079296K
  class space    used 4723K, capacity 4970K, committed 5040K, reserved 1048576K
Event: 3.002 GC heap after
Heap after GC invocations=8 (full 2):
 PSYoungGen      total 250880K, used 0K [0x00000000e0000000, 0x00000000f0780000, 0x0000000100000000)
  eden space 240128K, 0% used [0x00000000e0000000,0x00000000e0000000,0x00000000eea80000)
  from space 10752K, 0% used [0x00000000efd00000,0x00000000efd00000,0x00000000f0780000)
  to   space 14848K, 0% used [0x00000000eea80000,0x00000000eea80000,0x00000000ef900000)
 ParOldGen       total 112128K, used 16717K [0x00000000a0000000, 0x00000000a6d80000, 0x00000000e0000000)
  object space 112128K, 14% used [0x00000000a0000000,0x00000000a1053788,0x00000000a6d80000)
 Metaspace       used 34468K, capacity 35382K, committed 35496K, reserved 1079296K
  class space    used 4723K, capacity 4970K, committed 5040K, reserved 1048576K
}
Event: 4.739 GC heap before
{Heap before GC invocations=9 (full 2):
 PSYoungGen      total 250880K, used 240128K [0x00000000e0000000, 0x00000000f0780000, 0x0000000100000000)
  eden space 240128K, 100% used [0x00000000e0000000,0x00000000eea80000,0x00000000eea80000)
  from space 10752K, 0% used [0x00000000efd00000,0x00000000efd00000,0x00000000f0780000)
  to   space 14848K, 0% used [0x00000000eea80000,0x00000000eea80000,0x00000000ef900000)
 ParOldGen       total 112128K, used 16717K [0x00000000a0000000, 0x00000000a6d80000, 0x00000000e0000000)
  object space 112128K, 14% used [0x00000000a0000000,0x00000000a1053788,0x00000000a6d80000)
 Metaspace       used 52259K, capacity 54188K, committed 54440K, reserved 1095680K
  class space    used 6985K, capacity 7479K, committed 7600K, reserved 1048576K
Event: 4.762 GC heap after
Heap after GC invocations=9 (full 2):
 PSYoungGen      total 254976K, used 14836K [0x00000000e0000000, 0x00000000f0780000, 0x0000000100000000)
  eden space 240128K, 0% used [0x00000000e0000000,0x00000000e0000000,0x00000000eea80000)
  from space 14848K, 99% used [0x00000000eea80000,0x00000000ef8fd300,0x00000000ef900000)
  to   space 10752K, 0% used [0x00000000efd00000,0x00000000efd00000,0x00000000f0780000)
 ParOldGen       total 112128K, used 31216K [0x00000000a0000000, 0x00000000a6d80000, 0x00000000e0000000)
  object space 112128K, 27% used [0x00000000a0000000,0x00000000a1e7c3c0,0x00000000a6d80000)
 Metaspace       used 52259K, capacity 54188K, committed 54440K, reserved 1095680K
  class space    used 6985K, capacity 7479K, committed 7600K, reserved 1048576K
}
Event: 5.316 GC heap before
{Heap before GC invocations=10 (full 2):
 PSYoungGen      total 254976K, used 70963K [0x00000000e0000000, 0x00000000f0780000, 0x0000000100000000)
  eden space 240128K, 23% used [0x00000000e0000000,0x00000000e36cfcf0,0x00000000eea80000)
  from space 14848K, 99% used [0x00000000eea80000,0x00000000ef8fd300,0x00000000ef900000)
  to   space 10752K, 0% used [0x00000000efd00000,0x00000000efd00000,0x00000000f0780000)
 ParOldGen       total 112128K, used 31216K [0x00000000a0000000, 0x00000000a6d80000, 0x00000000e0000000)
  object space 112128K, 27% used [0x00000000a0000000,0x00000000a1e7c3c0,0x00000000a6d80000)
 Metaspace       used 56989K, capacity 59115K, committed 59160K, reserved 1099776K
  class space    used 7710K, capacity 8240K, committed 8240K, reserved 1048576K
Event: 5.327 GC heap after
Heap after GC invocations=10 (full 2):
 PSYoungGen      total 250880K, used 10736K [0x00000000e0000000, 0x00000000f0780000, 0x0000000100000000)
  eden space 240128K, 0% used [0x00000000e0000000,0x00000000e0000000,0x00000000eea80000)
  from space 10752K, 99% used [0x00000000efd00000,0x00000000f077c040,0x00000000f0780000)
  to   space 14848K, 0% used [0x00000000eea80000,0x00000000eea80000,0x00000000ef900000)
 ParOldGen       total 112128K, used 41859K [0x00000000a0000000, 0x00000000a6d80000, 0x00000000e0000000)
  object space 112128K, 37% used [0x00000000a0000000,0x00000000a28e0ca0,0x00000000a6d80000)
 Metaspace       used 56989K, capacity 59115K, committed 59160K, reserved 1099776K
  class space    used 7710K, capacity 8240K, committed 8240K, reserved 1048576K
}
Event: 5.327 GC heap before
{Heap before GC invocations=11 (full 3):
 PSYoungGen      total 250880K, used 10736K [0x00000000e0000000, 0x00000000f0780000, 0x0000000100000000)
  eden space 240128K, 0% used [0x00000000e0000000,0x00000000e0000000,0x00000000eea80000)
  from space 10752K, 99% used [0x00000000efd00000,0x00000000f077c040,0x00000000f0780000)
  to   space 14848K, 0% used [0x00000000eea80000,0x00000000eea80000,0x00000000ef900000)
 ParOldGen       total 112128K, used 41859K [0x00000000a0000000, 0x00000000a6d80000, 0x00000000e0000000)
  object space 112128K, 37% used [0x00000000a0000000,0x00000000a28e0ca0,0x00000000a6d80000)
 Metaspace       used 56989K, capacity 59115K, committed 59160K, reserved 1099776K
  class space    used 7710K, capacity 8240K, committed 8240K, reserved 1048576K
Event: 5.515 GC heap after
Heap after GC invocations=11 (full 3):
 PSYoungGen      total 250880K, used 0K [0x00000000e0000000, 0x00000000f0780000, 0x0000000100000000)
  eden space 240128K, 0% used [0x00000000e0000000,0x00000000e0000000,0x00000000eea80000)
  from space 10752K, 0% used [0x00000000efd00000,0x00000000efd00000,0x00000000f0780000)
  to   space 14848K, 0% used [0x00000000eea80000,0x00000000eea80000,0x00000000ef900000)
 ParOldGen       total 168960K, used 36705K [0x00000000a0000000, 0x00000000aa500000, 0x00000000e0000000)
  object space 168960K, 21% used [0x00000000a0000000,0x00000000a23d86c8,0x00000000aa500000)
 Metaspace       used 56960K, capacity 59019K, committed 59160K, reserved 1099776K
  class space    used 7702K, capacity 8224K, committed 8240K, reserved 1048576K
}
Event: 7.563 GC heap before
{Heap before GC invocations=12 (full 3):
 PSYoungGen      total 250880K, used 240128K [0x00000000e0000000, 0x00000000f0780000, 0x0000000100000000)
  eden space 240128K, 100% used [0x00000000e0000000,0x00000000eea80000,0x00000000eea80000)
  from space 10752K, 0% used [0x00000000efd00000,0x00000000efd00000,0x00000000f0780000)
  to   space 14848K, 0% used [0x00000000eea80000,0x00000000eea80000,0x00000000ef900000)
 ParOldGen       total 168960K, used 36705K [0x00000000a0000000, 0x00000000aa500000, 0x00000000e0000000)
  object space 168960K, 21% used [0x00000000a0000000,0x00000000a23d86c8,0x00000000aa500000)
 Metaspace       used 65129K, capacity 68093K, committed 68248K, reserved 1107968K
  class space    used 8966K, capacity 9632K, committed 9648K, reserved 1048576K
Event: 7.577 GC heap after
Heap after GC invocations=12 (full 3):
 PSYoungGen      total 254976K, used 14840K [0x00000000e0000000, 0x00000000f0780000, 0x0000000100000000)
  eden space 240128K, 0% used [0x00000000e0000000,0x00000000e0000000,0x00000000eea80000)
  from space 14848K, 99% used [0x00000000eea80000,0x00000000ef8fe040,0x00000000ef900000)
  to   space 10752K, 0% used [0x00000000efd00000,0x00000000efd00000,0x00000000f0780000)
 ParOldGen       total 168960K, used 43633K [0x00000000a0000000, 0x00000000aa500000, 0x00000000e0000000)
  object space 168960K, 25% used [0x00000000a0000000,0x00000000a2a9c7a0,0x00000000aa500000)
 Metaspace       used 65129K, capacity 68093K, committed 68248K, reserved 1107968K
  class space    used 8966K, capacity 9632K, committed 9648K, reserved 1048576K
}

