# JRE version: OpenJDK Runtime Environment (8.0_242-b01) (build 1.8.0_242-release-1644-b01)
# Java VM: OpenJDK 64-Bit Server VM (25.242-b01 mixed mode windows-amd64 compressed oops)
Heap:
 PSYoungGen      total 219648K, used 14659K [0x00000000e0000000, 0x00000000f2100000, 0x0000000100000000)
  eden space 198144K, 7% used [0x00000000e0000000,0x00000000e0e50d80,0x00000000ec180000)
  from space 21504K, 0% used [0x00000000ed600000,0x00000000ed600000,0x00000000eeb00000)
  to   space 20992K, 0% used [0x00000000ec180000,0x00000000ec180000,0x00000000ed600000)
 ParOldGen       total 193024K, used 33084K [0x00000000a0000000, 0x00000000abc80000, 0x00000000e0000000)
  object space 193024K, 17% used [0x00000000a0000000,0x00000000a204f358,0x00000000abc80000)
 Metaspace       used 57545K, capacity 59598K, committed 59944K, reserved 1101824K
  class space    used 7564K, capacity 8116K, committed 8240K, reserved 1048576K
GC Heap History (10 events):
Event: 3.683 GC heap before
{Heap before GC invocations=9 (full 2):
 PSYoungGen      total 128512K, used 9588K [0x00000000e0000000, 0x00000000edf00000, 0x0000000100000000)
  eden space 116224K, 0% used [0x00000000e0000000,0x00000000e0000000,0x00000000e7180000)
  from space 12288K, 78% used [0x00000000e7180000,0x00000000e7add140,0x00000000e7d80000)
  to   space 12288K, 0% used [0x00000000ed300000,0x00000000ed300000,0x00000000edf00000)
 ParOldGen       total 86016K, used 7373K [0x00000000a0000000, 0x00000000a5400000, 0x00000000e0000000)
  object space 86016K, 8% used [0x00000000a0000000,0x00000000a0733698,0x00000000a5400000)
 Metaspace       used 34415K, capacity 35374K, committed 35496K, reserved 1079296K
  class space    used 4722K, capacity 4970K, committed 5040K, reserved 1048576K
Event: 3.766 GC heap after
Heap after GC invocations=9 (full 2):
 PSYoungGen      total 128512K, used 0K [0x00000000e0000000, 0x00000000edf00000, 0x0000000100000000)
  eden space 116224K, 0% used [0x00000000e0000000,0x00000000e0000000,0x00000000e7180000)
  from space 12288K, 0% used [0x00000000e7180000,0x00000000e7180000,0x00000000e7d80000)
  to   space 12288K, 0% used [0x00000000ed300000,0x00000000ed300000,0x00000000edf00000)
 ParOldGen       total 136704K, used 16470K [0x00000000a0000000, 0x00000000a8580000, 0x00000000e0000000)
  object space 136704K, 12% used [0x00000000a0000000,0x00000000a10158f0,0x00000000a8580000)
 Metaspace       used 34415K, capacity 35374K, committed 35496K, reserved 1079296K
  class space    used 4722K, capacity 4970K, committed 5040K, reserved 1048576K
}
Event: 35.927 GC heap before
{Heap before GC invocations=10 (full 2):
 PSYoungGen      total 128512K, used 116224K [0x00000000e0000000, 0x00000000edf00000, 0x0000000100000000)
  eden space 116224K, 100% used [0x00000000e0000000,0x00000000e7180000,0x00000000e7180000)
  from space 12288K, 0% used [0x00000000e7180000,0x00000000e7180000,0x00000000e7d80000)
  to   space 12288K, 0% used [0x00000000ed300000,0x00000000ed300000,0x00000000edf00000)
 ParOldGen       total 136704K, used 16470K [0x00000000a0000000, 0x00000000a8580000, 0x00000000e0000000)
  object space 136704K, 12% used [0x00000000a0000000,0x00000000a10158f0,0x00000000a8580000)
 Metaspace       used 40773K, capacity 42430K, committed 42536K, reserved 1085440K
  class space    used 5463K, capacity 5895K, committed 5936K, reserved 1048576K
Event: 35.935 GC heap after
Heap after GC invocations=10 (full 2):
 PSYoungGen      total 174080K, used 12283K [0x00000000e0000000, 0x00000000edf00000, 0x0000000100000000)
  eden space 161792K, 0% used [0x00000000e0000000,0x00000000e0000000,0x00000000e9e00000)
  from space 12288K, 99% used [0x00000000ed300000,0x00000000edefec28,0x00000000edf00000)
  to   space 14336K, 0% used [0x00000000ec300000,0x00000000ec300000,0x00000000ed100000)
 ParOldGen       total 136704K, used 18079K [0x00000000a0000000, 0x00000000a8580000, 0x00000000e0000000)
  object space 136704K, 13% used [0x00000000a0000000,0x00000000a11a7dd0,0x00000000a8580000)
 Metaspace       used 40773K, capacity 42430K, committed 42536K, reserved 1085440K
  class space    used 5463K, capacity 5895K, committed 5936K, reserved 1048576K
}
Event: 37.328 GC heap before
{Heap before GC invocations=11 (full 2):
 PSYoungGen      total 174080K, used 174075K [0x00000000e0000000, 0x00000000edf00000, 0x0000000100000000)
  eden space 161792K, 100% used [0x00000000e0000000,0x00000000e9e00000,0x00000000e9e00000)
  from space 12288K, 99% used [0x00000000ed300000,0x00000000edefec28,0x00000000edf00000)
  to   space 14336K, 0% used [0x00000000ec300000,0x00000000ec300000,0x00000000ed100000)
 ParOldGen       total 136704K, used 18079K [0x00000000a0000000, 0x00000000a8580000, 0x00000000e0000000)
  object space 136704K, 13% used [0x00000000a0000000,0x00000000a11a7dd0,0x00000000a8580000)
 Metaspace       used 55769K, capacity 57944K, committed 58152K, reserved 1099776K
  class space    used 7295K, capacity 7865K, committed 7984K, reserved 1048576K
Event: 37.348 GC heap after
Heap after GC invocations=11 (full 2):
 PSYoungGen      total 211968K, used 14320K [0x00000000e0000000, 0x00000000eeb00000, 0x0000000100000000)
  eden space 197632K, 0% used [0x00000000e0000000,0x00000000e0000000,0x00000000ec100000)
  from space 14336K, 99% used [0x00000000ec300000,0x00000000ed0fc100,0x00000000ed100000)
  to   space 21504K, 0% used [0x00000000ed600000,0x00000000ed600000,0x00000000eeb00000)
 ParOldGen       total 136704K, used 32467K [0x00000000a0000000, 0x00000000a8580000, 0x00000000e0000000)
  object space 136704K, 23% used [0x00000000a0000000,0x00000000a1fb4f58,0x00000000a8580000)
 Metaspace       used 55769K, capacity 57944K, committed 58152K, reserved 1099776K
  class space    used 7295K, capacity 7865K, committed 7984K, reserved 1048576K
}
Event: 37.497 GC heap before
{Heap before GC invocations=12 (full 2):
 PSYoungGen      total 211968K, used 38674K [0x00000000e0000000, 0x00000000eeb00000, 0x0000000100000000)
  eden space 197632K, 12% used [0x00000000e0000000,0x00000000e17c8798,0x00000000ec100000)
  from space 14336K, 99% used [0x00000000ec300000,0x00000000ed0fc100,0x00000000ed100000)
  to   space 21504K, 0% used [0x00000000ed600000,0x00000000ed600000,0x00000000eeb00000)
 ParOldGen       total 136704K, used 32467K [0x00000000a0000000, 0x00000000a8580000, 0x00000000e0000000)
  object space 136704K, 23% used [0x00000000a0000000,0x00000000a1fb4f58,0x00000000a8580000)
 Metaspace       used 56879K, capacity 59008K, committed 59160K, reserved 1099776K
  class space    used 7459K, capacity 8019K, committed 8112K, reserved 1048576K
Event: 37.508 GC heap after
Heap after GC invocations=12 (full 2):
 PSYoungGen      total 219648K, used 7547K [0x00000000e0000000, 0x00000000f2100000, 0x0000000100000000)
  eden space 198144K, 0% used [0x00000000e0000000,0x00000000e0000000,0x00000000ec180000)
  from space 21504K, 35% used [0x00000000ed600000,0x00000000edd5ec78,0x00000000eeb00000)
  to   space 20992K, 0% used [0x00000000ec180000,0x00000000ec180000,0x00000000ed600000)
 ParOldGen       total 136704K, used 41536K [0x00000000a0000000, 0x00000000a8580000, 0x00000000e0000000)
  object space 136704K, 30% used [0x00000000a0000000,0x00000000a28902b8,0x00000000a8580000)
 Metaspace       used 56879K, capacity 59008K, committed 59160K, reserved 1099776K
  class space    used 7459K, capacity 8019K, committed 8112K, reserved 1048576K
}
Event: 37.508 GC heap before
{Heap before GC invocations=13 (full 3):
 PSYoungGen      total 219648K, used 7547K [0x00000000e0000000, 0x00000000f2100000, 0x0000000100000000)
  eden space 198144K, 0% used [0x00000000e0000000,0x00000000e0000000,0x00000000ec180000)
  from space 21504K, 35% used [0x00000000ed600000,0x00000000edd5ec78,0x00000000eeb00000)
  to   space 20992K, 0% used [0x00000000ec180000,0x00000000ec180000,0x00000000ed600000)
 ParOldGen       total 136704K, used 41536K [0x00000000a0000000, 0x00000000a8580000, 0x00000000e0000000)
  object space 136704K, 30% used [0x00000000a0000000,0x00000000a28902b8,0x00000000a8580000)
 Metaspace       used 56879K, capacity 59008K, committed 59160K, reserved 1099776K
  class space    used 7459K, capacity 8019K, committed 8112K, reserved 1048576K
Event: 37.897 GC heap after
Heap after GC invocations=13 (full 3):
 PSYoungGen      total 219648K, used 0K [0x00000000e0000000, 0x00000000f2100000, 0x0000000100000000)
  eden space 198144K, 0% used [0x00000000e0000000,0x00000000e0000000,0x00000000ec180000)
  from space 21504K, 0% used [0x00000000ed600000,0x00000000ed600000,0x00000000eeb00000)
  to   space 20992K, 0% used [0x00000000ec180000,0x00000000ec180000,0x00000000ed600000)
 ParOldGen       total 193024K, used 33084K [0x00000000a0000000, 0x00000000abc80000, 0x00000000e0000000)
  object space 193024K, 17% used [0x00000000a0000000,0x00000000a204f358,0x00000000abc80000)
 Metaspace       used 56766K, capacity 58654K, committed 59160K, reserved 1099776K
  class space    used 7426K, capacity 7918K, committed 8112K, reserved 1048576K
}

