# JRE version: OpenJDK Runtime Environment (8.0_242-b01) (build 1.8.0_242-release-1644-b01)
# Java VM: OpenJDK 64-Bit Server VM (25.242-b01 mixed mode windows-amd64 compressed oops)
Heap:
 PSYoungGen      total 421376K, used 399405K [0x00000000e0000000, 0x0000000100000000, 0x0000000100000000)
  eden space 394752K, 94% used [0x00000000e0000000,0x00000000f6c0edc0,0x00000000f8180000)
  from space 26624K, 99% used [0x00000000f8180000,0x00000000f9b7c718,0x00000000f9b80000)
  to   space 33792K, 0% used [0x00000000fdf00000,0x00000000fdf00000,0x0000000100000000)
 ParOldGen       total 172032K, used 44381K [0x00000000a0000000, 0x00000000aa800000, 0x00000000e0000000)
  object space 172032K, 25% used [0x00000000a0000000,0x00000000a2b574e0,0x00000000aa800000)
 Metaspace       used 78706K, capacity 83161K, committed 83224K, reserved 1120256K
  class space    used 10918K, capacity 11814K, committed 11824K, reserved 1048576K
GC Heap History (10 events):
Event: 2.951 GC heap before
{Heap before GC invocations=8 (full 2):
 PSYoungGen      total 249344K, used 9694K [0x00000000e0000000, 0x00000000f0580000, 0x0000000100000000)
  eden space 238080K, 0% used [0x00000000e0000000,0x00000000e0000000,0x00000000ee880000)
  from space 11264K, 86% used [0x00000000efa80000,0x00000000f03f79c0,0x00000000f0580000)
  to   space 14848K, 0% used [0x00000000ee880000,0x00000000ee880000,0x00000000ef700000)
 ParOldGen       total 83968K, used 10194K [0x00000000a0000000, 0x00000000a5200000, 0x00000000e0000000)
  object space 83968K, 12% used [0x00000000a0000000,0x00000000a09f49d8,0x00000000a5200000)
 Metaspace       used 34479K, capacity 35378K, committed 35496K, reserved 1079296K
  class space    used 4722K, capacity 4970K, committed 5040K, reserved 1048576K
Event: 2.986 GC heap after
Heap after GC invocations=8 (full 2):
 PSYoungGen      total 249344K, used 0K [0x00000000e0000000, 0x00000000f0580000, 0x0000000100000000)
  eden space 238080K, 0% used [0x00000000e0000000,0x00000000e0000000,0x00000000ee880000)
  from space 11264K, 0% used [0x00000000efa80000,0x00000000efa80000,0x00000000f0580000)
  to   space 14848K, 0% used [0x00000000ee880000,0x00000000ee880000,0x00000000ef700000)
 ParOldGen       total 116224K, used 16640K [0x00000000a0000000, 0x00000000a7180000, 0x00000000e0000000)
  object space 116224K, 14% used [0x00000000a0000000,0x00000000a10403a8,0x00000000a7180000)
 Metaspace       used 34479K, capacity 35378K, committed 35496K, reserved 1079296K
  class space    used 4722K, capacity 4970K, committed 5040K, reserved 1048576K
}
Event: 5.219 GC heap before
{Heap before GC invocations=9 (full 2):
 PSYoungGen      total 249344K, used 238080K [0x00000000e0000000, 0x00000000f0580000, 0x0000000100000000)
  eden space 238080K, 100% used [0x00000000e0000000,0x00000000ee880000,0x00000000ee880000)
  from space 11264K, 0% used [0x00000000efa80000,0x00000000efa80000,0x00000000f0580000)
  to   space 14848K, 0% used [0x00000000ee880000,0x00000000ee880000,0x00000000ef700000)
 ParOldGen       total 116224K, used 16640K [0x00000000a0000000, 0x00000000a7180000, 0x00000000e0000000)
  object space 116224K, 14% used [0x00000000a0000000,0x00000000a10403a8,0x00000000a7180000)
 Metaspace       used 52312K, capacity 54112K, committed 54320K, reserved 1095680K
  class space    used 6988K, capacity 7429K, committed 7472K, reserved 1048576K
Event: 5.256 GC heap after
Heap after GC invocations=9 (full 2):
 PSYoungGen      total 252928K, used 14844K [0x00000000e0000000, 0x00000000fb300000, 0x0000000100000000)
  eden space 238080K, 0% used [0x00000000e0000000,0x00000000e0000000,0x00000000ee880000)
  from space 14848K, 99% used [0x00000000ee880000,0x00000000ef6ff320,0x00000000ef700000)
  to   space 24064K, 0% used [0x00000000f9b80000,0x00000000f9b80000,0x00000000fb300000)
 ParOldGen       total 116224K, used 30999K [0x00000000a0000000, 0x00000000a7180000, 0x00000000e0000000)
  object space 116224K, 26% used [0x00000000a0000000,0x00000000a1e45eb8,0x00000000a7180000)
 Metaspace       used 52312K, capacity 54112K, committed 54320K, reserved 1095680K
  class space    used 6988K, capacity 7429K, committed 7472K, reserved 1048576K
}
Event: 6.078 GC heap before
{Heap before GC invocations=10 (full 2):
 PSYoungGen      total 252928K, used 70619K [0x00000000e0000000, 0x00000000fb300000, 0x0000000100000000)
  eden space 238080K, 23% used [0x00000000e0000000,0x00000000e3677a30,0x00000000ee880000)
  from space 14848K, 99% used [0x00000000ee880000,0x00000000ef6ff320,0x00000000ef700000)
  to   space 24064K, 0% used [0x00000000f9b80000,0x00000000f9b80000,0x00000000fb300000)
 ParOldGen       total 116224K, used 30999K [0x00000000a0000000, 0x00000000a7180000, 0x00000000e0000000)
  object space 116224K, 26% used [0x00000000a0000000,0x00000000a1e45eb8,0x00000000a7180000)
 Metaspace       used 56883K, capacity 58991K, committed 59160K, reserved 1099776K
  class space    used 7695K, capacity 8240K, committed 8240K, reserved 1048576K
Event: 6.114 GC heap after
Heap after GC invocations=10 (full 2):
 PSYoungGen      total 418816K, used 21263K [0x00000000e0000000, 0x00000000fb780000, 0x0000000100000000)
  eden space 394752K, 0% used [0x00000000e0000000,0x00000000e0000000,0x00000000f8180000)
  from space 24064K, 88% used [0x00000000f9b80000,0x00000000fb043e08,0x00000000fb300000)
  to   space 26624K, 0% used [0x00000000f8180000,0x00000000f8180000,0x00000000f9b80000)
 ParOldGen       total 116224K, used 31007K [0x00000000a0000000, 0x00000000a7180000, 0x00000000e0000000)
  object space 116224K, 26% used [0x00000000a0000000,0x00000000a1e47eb8,0x00000000a7180000)
 Metaspace       used 56883K, capacity 58991K, committed 59160K, reserved 1099776K
  class space    used 7695K, capacity 8240K, committed 8240K, reserved 1048576K
}
Event: 6.114 GC heap before
{Heap before GC invocations=11 (full 3):
 PSYoungGen      total 418816K, used 21263K [0x00000000e0000000, 0x00000000fb780000, 0x0000000100000000)
  eden space 394752K, 0% used [0x00000000e0000000,0x00000000e0000000,0x00000000f8180000)
  from space 24064K, 88% used [0x00000000f9b80000,0x00000000fb043e08,0x00000000fb300000)
  to   space 26624K, 0% used [0x00000000f8180000,0x00000000f8180000,0x00000000f9b80000)
 ParOldGen       total 116224K, used 31007K [0x00000000a0000000, 0x00000000a7180000, 0x00000000e0000000)
  object space 116224K, 26% used [0x00000000a0000000,0x00000000a1e47eb8,0x00000000a7180000)
 Metaspace       used 56883K, capacity 58991K, committed 59160K, reserved 1099776K
  class space    used 7695K, capacity 8240K, committed 8240K, reserved 1048576K
Event: 6.420 GC heap after
Heap after GC invocations=11 (full 3):
 PSYoungGen      total 418816K, used 0K [0x00000000e0000000, 0x00000000fb780000, 0x0000000100000000)
  eden space 394752K, 0% used [0x00000000e0000000,0x00000000e0000000,0x00000000f8180000)
  from space 24064K, 0% used [0x00000000f9b80000,0x00000000f9b80000,0x00000000fb300000)
  to   space 26624K, 0% used [0x00000000f8180000,0x00000000f8180000,0x00000000f9b80000)
 ParOldGen       total 172032K, used 36395K [0x00000000a0000000, 0x00000000aa800000, 0x00000000e0000000)
  object space 172032K, 21% used [0x00000000a0000000,0x00000000a238ad00,0x00000000aa800000)
 Metaspace       used 56848K, capacity 58871K, committed 59160K, reserved 1099776K
  class space    used 7684K, capacity 8220K, committed 8240K, reserved 1048576K
}
Event: 9.268 GC heap before
{Heap before GC invocations=12 (full 3):
 PSYoungGen      total 418816K, used 394752K [0x00000000e0000000, 0x00000000fb780000, 0x0000000100000000)
  eden space 394752K, 100% used [0x00000000e0000000,0x00000000f8180000,0x00000000f8180000)
  from space 24064K, 0% used [0x00000000f9b80000,0x00000000f9b80000,0x00000000fb300000)
  to   space 26624K, 0% used [0x00000000f8180000,0x00000000f8180000,0x00000000f9b80000)
 ParOldGen       total 172032K, used 36395K [0x00000000a0000000, 0x00000000aa800000, 0x00000000e0000000)
  object space 172032K, 21% used [0x00000000a0000000,0x00000000a238ad00,0x00000000aa800000)
 Metaspace       used 69283K, capacity 72575K, committed 72728K, reserved 1112064K
  class space    used 9480K, capacity 10173K, committed 10288K, reserved 1048576K
Event: 9.300 GC heap after
Heap after GC invocations=12 (full 3):
 PSYoungGen      total 421376K, used 26609K [0x00000000e0000000, 0x0000000100000000, 0x0000000100000000)
  eden space 394752K, 0% used [0x00000000e0000000,0x00000000e0000000,0x00000000f8180000)
  from space 26624K, 99% used [0x00000000f8180000,0x00000000f9b7c718,0x00000000f9b80000)
  to   space 33792K, 0% used [0x00000000fdf00000,0x00000000fdf00000,0x0000000100000000)
 ParOldGen       total 172032K, used 44381K [0x00000000a0000000, 0x00000000aa800000, 0x00000000e0000000)
  object space 172032K, 25% used [0x00000000a0000000,0x00000000a2b574e0,0x00000000aa800000)
 Metaspace       used 69283K, capacity 72575K, committed 72728K, reserved 1112064K
  class space    used 9480K, capacity 10173K, committed 10288K, reserved 1048576K
}

