# JRE version: OpenJDK Runtime Environment (8.0_242-b01) (build 1.8.0_242-release-1644-b01)
# Java VM: OpenJDK 64-Bit Server VM (25.242-b01 mixed mode windows-amd64 compressed oops)
Heap:
 PSYoungGen      total 371200K, used 194724K [0x00000000e0000000, 0x00000000fd700000, 0x0000000100000000)
  eden space 344576K, 48% used [0x00000000e0000000,0x00000000ea42d1f0,0x00000000f5080000)
  from space 26624K, 99% used [0x00000000f5080000,0x00000000f6a7bea0,0x00000000f6a80000)
  to   space 35328K, 0% used [0x00000000fb480000,0x00000000fb480000,0x00000000fd700000)
 ParOldGen       total 204288K, used 48532K [0x00000000a0000000, 0x00000000ac780000, 0x00000000e0000000)
  object space 204288K, 23% used [0x00000000a0000000,0x00000000a2f65298,0x00000000ac780000)
 Metaspace       used 72090K, capacity 75284K, committed 75520K, reserved 1114112K
  class space    used 9519K, capacity 10179K, committed 10240K, reserved 1048576K
GC Heap History (10 events):
Event: 3.045 GC heap before
{Heap before GC invocations=8 (full 2):
 PSYoungGen      total 238592K, used 10663K [0x00000000e0000000, 0x00000000efa00000, 0x0000000100000000)
  eden space 225280K, 0% used [0x00000000e0000000,0x00000000e0000000,0x00000000edc00000)
  from space 13312K, 80% used [0x00000000eed00000,0x00000000ef769f88,0x00000000efa00000)
  to   space 15360K, 0% used [0x00000000edc00000,0x00000000edc00000,0x00000000eeb00000)
 ParOldGen       total 89088K, used 9681K [0x00000000a0000000, 0x00000000a5700000, 0x00000000e0000000)
  object space 89088K, 10% used [0x00000000a0000000,0x00000000a0974560,0x00000000a5700000)
 Metaspace       used 34481K, capacity 35340K, committed 35416K, reserved 1079296K
  class space    used 4707K, capacity 4947K, committed 4992K, reserved 1048576K
Event: 3.083 GC heap after
Heap after GC invocations=8 (full 2):
 PSYoungGen      total 238592K, used 0K [0x00000000e0000000, 0x00000000efa00000, 0x0000000100000000)
  eden space 225280K, 0% used [0x00000000e0000000,0x00000000e0000000,0x00000000edc00000)
  from space 13312K, 0% used [0x00000000eed00000,0x00000000eed00000,0x00000000efa00000)
  to   space 15360K, 0% used [0x00000000edc00000,0x00000000edc00000,0x00000000eeb00000)
 ParOldGen       total 134656K, used 17171K [0x00000000a0000000, 0x00000000a8380000, 0x00000000e0000000)
  object space 134656K, 12% used [0x00000000a0000000,0x00000000a10c4df8,0x00000000a8380000)
 Metaspace       used 34481K, capacity 35340K, committed 35416K, reserved 1079296K
  class space    used 4707K, capacity 4947K, committed 4992K, reserved 1048576K
}
Event: 4.605 GC heap before
{Heap before GC invocations=9 (full 2):
 PSYoungGen      total 238592K, used 225280K [0x00000000e0000000, 0x00000000efa00000, 0x0000000100000000)
  eden space 225280K, 100% used [0x00000000e0000000,0x00000000edc00000,0x00000000edc00000)
  from space 13312K, 0% used [0x00000000eed00000,0x00000000eed00000,0x00000000efa00000)
  to   space 15360K, 0% used [0x00000000edc00000,0x00000000edc00000,0x00000000eeb00000)
 ParOldGen       total 134656K, used 17171K [0x00000000a0000000, 0x00000000a8380000, 0x00000000e0000000)
  object space 134656K, 12% used [0x00000000a0000000,0x00000000a10c4df8,0x00000000a8380000)
 Metaspace       used 51113K, capacity 52814K, committed 53120K, reserved 1095680K
  class space    used 6809K, capacity 7242K, committed 7296K, reserved 1048576K
Event: 4.623 GC heap after
Heap after GC invocations=9 (full 2):
 PSYoungGen      total 240640K, used 15356K [0x00000000e0000000, 0x00000000f8180000, 0x0000000100000000)
  eden space 225280K, 0% used [0x00000000e0000000,0x00000000e0000000,0x00000000edc00000)
  from space 15360K, 99% used [0x00000000edc00000,0x00000000eeaff300,0x00000000eeb00000)
  to   space 23552K, 0% used [0x00000000f6a80000,0x00000000f6a80000,0x00000000f8180000)
 ParOldGen       total 134656K, used 29091K [0x00000000a0000000, 0x00000000a8380000, 0x00000000e0000000)
  object space 134656K, 21% used [0x00000000a0000000,0x00000000a1c68f60,0x00000000a8380000)
 Metaspace       used 51113K, capacity 52814K, committed 53120K, reserved 1095680K
  class space    used 6809K, capacity 7242K, committed 7296K, reserved 1048576K
}
Event: 5.252 GC heap before
{Heap before GC invocations=10 (full 2):
 PSYoungGen      total 240640K, used 86473K [0x00000000e0000000, 0x00000000f8180000, 0x0000000100000000)
  eden space 225280K, 31% used [0x00000000e0000000,0x00000000e45731c8,0x00000000edc00000)
  from space 15360K, 99% used [0x00000000edc00000,0x00000000eeaff300,0x00000000eeb00000)
  to   space 23552K, 0% used [0x00000000f6a80000,0x00000000f6a80000,0x00000000f8180000)
 ParOldGen       total 134656K, used 29091K [0x00000000a0000000, 0x00000000a8380000, 0x00000000e0000000)
  object space 134656K, 21% used [0x00000000a0000000,0x00000000a1c68f60,0x00000000a8380000)
 Metaspace       used 56909K, capacity 58932K, committed 59028K, reserved 1099776K
  class space    used 7705K, capacity 8177K, committed 8192K, reserved 1048576K
Event: 5.265 GC heap after
Heap after GC invocations=10 (full 2):
 PSYoungGen      total 368128K, used 23375K [0x00000000e0000000, 0x00000000f8480000, 0x0000000100000000)
  eden space 344576K, 0% used [0x00000000e0000000,0x00000000e0000000,0x00000000f5080000)
  from space 23552K, 99% used [0x00000000f6a80000,0x00000000f8153c70,0x00000000f8180000)
  to   space 26624K, 0% used [0x00000000f5080000,0x00000000f5080000,0x00000000f6a80000)
 ParOldGen       total 134656K, used 29099K [0x00000000a0000000, 0x00000000a8380000, 0x00000000e0000000)
  object space 134656K, 21% used [0x00000000a0000000,0x00000000a1c6af60,0x00000000a8380000)
 Metaspace       used 56909K, capacity 58932K, committed 59028K, reserved 1099776K
  class space    used 7705K, capacity 8177K, committed 8192K, reserved 1048576K
}
Event: 5.265 GC heap before
{Heap before GC invocations=11 (full 3):
 PSYoungGen      total 368128K, used 23375K [0x00000000e0000000, 0x00000000f8480000, 0x0000000100000000)
  eden space 344576K, 0% used [0x00000000e0000000,0x00000000e0000000,0x00000000f5080000)
  from space 23552K, 99% used [0x00000000f6a80000,0x00000000f8153c70,0x00000000f8180000)
  to   space 26624K, 0% used [0x00000000f5080000,0x00000000f5080000,0x00000000f6a80000)
 ParOldGen       total 134656K, used 29099K [0x00000000a0000000, 0x00000000a8380000, 0x00000000e0000000)
  object space 134656K, 21% used [0x00000000a0000000,0x00000000a1c6af60,0x00000000a8380000)
 Metaspace       used 56909K, capacity 58932K, committed 59028K, reserved 1099776K
  class space    used 7705K, capacity 8177K, committed 8192K, reserved 1048576K
Event: 5.471 GC heap after
Heap after GC invocations=11 (full 3):
 PSYoungGen      total 368128K, used 0K [0x00000000e0000000, 0x00000000f8480000, 0x0000000100000000)
  eden space 344576K, 0% used [0x00000000e0000000,0x00000000e0000000,0x00000000f5080000)
  from space 23552K, 0% used [0x00000000f6a80000,0x00000000f6a80000,0x00000000f8180000)
  to   space 26624K, 0% used [0x00000000f5080000,0x00000000f5080000,0x00000000f6a80000)
 ParOldGen       total 204288K, used 37366K [0x00000000a0000000, 0x00000000ac780000, 0x00000000e0000000)
  object space 204288K, 18% used [0x00000000a0000000,0x00000000a247d868,0x00000000ac780000)
 Metaspace       used 56882K, capacity 58842K, committed 59028K, reserved 1099776K
  class space    used 7697K, capacity 8162K, committed 8192K, reserved 1048576K
}
Event: 9.585 GC heap before
{Heap before GC invocations=12 (full 3):
 PSYoungGen      total 368128K, used 344576K [0x00000000e0000000, 0x00000000f8480000, 0x0000000100000000)
  eden space 344576K, 100% used [0x00000000e0000000,0x00000000f5080000,0x00000000f5080000)
  from space 23552K, 0% used [0x00000000f6a80000,0x00000000f6a80000,0x00000000f8180000)
  to   space 26624K, 0% used [0x00000000f5080000,0x00000000f5080000,0x00000000f6a80000)
 ParOldGen       total 204288K, used 37366K [0x00000000a0000000, 0x00000000ac780000, 0x00000000e0000000)
  object space 204288K, 18% used [0x00000000a0000000,0x00000000a247d868,0x00000000ac780000)
 Metaspace       used 70773K, capacity 73982K, committed 74112K, reserved 1114112K
  class space    used 9397K, capacity 10062K, committed 10112K, reserved 1048576K
Event: 9.622 GC heap after
Heap after GC invocations=12 (full 3):
 PSYoungGen      total 371200K, used 26607K [0x00000000e0000000, 0x00000000fd700000, 0x0000000100000000)
  eden space 344576K, 0% used [0x00000000e0000000,0x00000000e0000000,0x00000000f5080000)
  from space 26624K, 99% used [0x00000000f5080000,0x00000000f6a7bea0,0x00000000f6a80000)
  to   space 35328K, 0% used [0x00000000fb480000,0x00000000fb480000,0x00000000fd700000)
 ParOldGen       total 204288K, used 48532K [0x00000000a0000000, 0x00000000ac780000, 0x00000000e0000000)
  object space 204288K, 23% used [0x00000000a0000000,0x00000000a2f65298,0x00000000ac780000)
 Metaspace       used 70773K, capacity 73982K, committed 74112K, reserved 1114112K
  class space    used 9397K, capacity 10062K, committed 10112K, reserved 1048576K
}

