# JRE version: OpenJDK Runtime Environment (8.0_242-b01) (build 1.8.0_242-release-1644-b01)
# Java VM: OpenJDK 64-Bit Server VM (25.242-b01 mixed mode windows-amd64 compressed oops)
Heap:
 PSYoungGen      total 407552K, used 165182K [0x00000000e0000000, 0x0000000100000000, 0x0000000100000000)
  eden space 380928K, 36% used [0x00000000e0000000,0x00000000e874fd20,0x00000000f7400000)
  from space 26624K, 99% used [0x00000000f7400000,0x00000000f8dffea8,0x00000000f8e00000)
  to   space 31744K, 0% used [0x00000000fe100000,0x00000000fe100000,0x0000000100000000)
 ParOldGen       total 177664K, used 40264K [0x00000000a0000000, 0x00000000aad80000, 0x00000000e0000000)
  object space 177664K, 22% used [0x00000000a0000000,0x00000000a2752020,0x00000000aad80000)
 Metaspace       used 74206K, capacity 77654K, committed 78000K, reserved 1116160K
  class space    used 10092K, capacity 10822K, committed 10928K, reserved 1048576K
GC Heap History (10 events):
Event: 3.245 GC heap before
{Heap before GC invocations=8 (full 2):
 PSYoungGen      total 246784K, used 9817K [0x00000000e0000000, 0x00000000f0300000, 0x0000000100000000)
  eden space 235520K, 0% used [0x00000000e0000000,0x00000000e0000000,0x00000000ee600000)
  from space 11264K, 87% used [0x00000000ef800000,0x00000000f01967b0,0x00000000f0300000)
  to   space 14848K, 0% used [0x00000000ee600000,0x00000000ee600000,0x00000000ef480000)
 ParOldGen       total 84992K, used 10044K [0x00000000a0000000, 0x00000000a5300000, 0x00000000e0000000)
  object space 84992K, 11% used [0x00000000a0000000,0x00000000a09cf0d0,0x00000000a5300000)
 Metaspace       used 34422K, capacity 35386K, committed 35496K, reserved 1079296K
  class space    used 4717K, capacity 4970K, committed 5040K, reserved 1048576K
Event: 3.281 GC heap after
Heap after GC invocations=8 (full 2):
 PSYoungGen      total 246784K, used 0K [0x00000000e0000000, 0x00000000f0300000, 0x0000000100000000)
  eden space 235520K, 0% used [0x00000000e0000000,0x00000000e0000000,0x00000000ee600000)
  from space 11264K, 0% used [0x00000000ef800000,0x00000000ef800000,0x00000000f0300000)
  to   space 14848K, 0% used [0x00000000ee600000,0x00000000ee600000,0x00000000ef480000)
 ParOldGen       total 119808K, used 16707K [0x00000000a0000000, 0x00000000a7500000, 0x00000000e0000000)
  object space 119808K, 13% used [0x00000000a0000000,0x00000000a1050c30,0x00000000a7500000)
 Metaspace       used 34422K, capacity 35386K, committed 35496K, reserved 1079296K
  class space    used 4717K, capacity 4970K, committed 5040K, reserved 1048576K
}
Event: 5.286 GC heap before
{Heap before GC invocations=9 (full 2):
 PSYoungGen      total 246784K, used 235520K [0x00000000e0000000, 0x00000000f0300000, 0x0000000100000000)
  eden space 235520K, 100% used [0x00000000e0000000,0x00000000ee600000,0x00000000ee600000)
  from space 11264K, 0% used [0x00000000ef800000,0x00000000ef800000,0x00000000f0300000)
  to   space 14848K, 0% used [0x00000000ee600000,0x00000000ee600000,0x00000000ef480000)
 ParOldGen       total 119808K, used 16707K [0x00000000a0000000, 0x00000000a7500000, 0x00000000e0000000)
  object space 119808K, 13% used [0x00000000a0000000,0x00000000a1050c30,0x00000000a7500000)
 Metaspace       used 52198K, capacity 54044K, committed 54064K, reserved 1095680K
  class space    used 6965K, capacity 7455K, committed 7472K, reserved 1048576K
Event: 5.309 GC heap after
Heap after GC invocations=9 (full 2):
 PSYoungGen      total 250368K, used 14820K [0x00000000e0000000, 0x00000000fa780000, 0x0000000100000000)
  eden space 235520K, 0% used [0x00000000e0000000,0x00000000e0000000,0x00000000ee600000)
  from space 14848K, 99% used [0x00000000ee600000,0x00000000ef479340,0x00000000ef480000)
  to   space 24064K, 0% used [0x00000000f9000000,0x00000000f9000000,0x00000000fa780000)
 ParOldGen       total 119808K, used 30935K [0x00000000a0000000, 0x00000000a7500000, 0x00000000e0000000)
  object space 119808K, 25% used [0x00000000a0000000,0x00000000a1e35dc0,0x00000000a7500000)
 Metaspace       used 52198K, capacity 54044K, committed 54064K, reserved 1095680K
  class space    used 6965K, capacity 7455K, committed 7472K, reserved 1048576K
}
Event: 5.834 GC heap before
{Heap before GC invocations=10 (full 2):
 PSYoungGen      total 250368K, used 69184K [0x00000000e0000000, 0x00000000fa780000, 0x0000000100000000)
  eden space 235520K, 23% used [0x00000000e0000000,0x00000000e3516d00,0x00000000ee600000)
  from space 14848K, 99% used [0x00000000ee600000,0x00000000ef479340,0x00000000ef480000)
  to   space 24064K, 0% used [0x00000000f9000000,0x00000000f9000000,0x00000000fa780000)
 ParOldGen       total 119808K, used 30935K [0x00000000a0000000, 0x00000000a7500000, 0x00000000e0000000)
  object space 119808K, 25% used [0x00000000a0000000,0x00000000a1e35dc0,0x00000000a7500000)
 Metaspace       used 56832K, capacity 58980K, committed 59160K, reserved 1099776K
  class space    used 7693K, capacity 8243K, committed 8368K, reserved 1048576K
Event: 5.847 GC heap after
Heap after GC invocations=10 (full 2):
 PSYoungGen      total 404992K, used 21271K [0x00000000e0000000, 0x00000000fa800000, 0x0000000100000000)
  eden space 380928K, 0% used [0x00000000e0000000,0x00000000e0000000,0x00000000f7400000)
  from space 24064K, 88% used [0x00000000f9000000,0x00000000fa4c5ea8,0x00000000fa780000)
  to   space 26624K, 0% used [0x00000000f7400000,0x00000000f7400000,0x00000000f8e00000)
 ParOldGen       total 119808K, used 30943K [0x00000000a0000000, 0x00000000a7500000, 0x00000000e0000000)
  object space 119808K, 25% used [0x00000000a0000000,0x00000000a1e37dc0,0x00000000a7500000)
 Metaspace       used 56832K, capacity 58980K, committed 59160K, reserved 1099776K
  class space    used 7693K, capacity 8243K, committed 8368K, reserved 1048576K
}
Event: 5.847 GC heap before
{Heap before GC invocations=11 (full 3):
 PSYoungGen      total 404992K, used 21271K [0x00000000e0000000, 0x00000000fa800000, 0x0000000100000000)
  eden space 380928K, 0% used [0x00000000e0000000,0x00000000e0000000,0x00000000f7400000)
  from space 24064K, 88% used [0x00000000f9000000,0x00000000fa4c5ea8,0x00000000fa780000)
  to   space 26624K, 0% used [0x00000000f7400000,0x00000000f7400000,0x00000000f8e00000)
 ParOldGen       total 119808K, used 30943K [0x00000000a0000000, 0x00000000a7500000, 0x00000000e0000000)
  object space 119808K, 25% used [0x00000000a0000000,0x00000000a1e37dc0,0x00000000a7500000)
 Metaspace       used 56832K, capacity 58980K, committed 59160K, reserved 1099776K
  class space    used 7693K, capacity 8243K, committed 8368K, reserved 1048576K
Event: 6.029 GC heap after
Heap after GC invocations=11 (full 3):
 PSYoungGen      total 404992K, used 0K [0x00000000e0000000, 0x00000000fa800000, 0x0000000100000000)
  eden space 380928K, 0% used [0x00000000e0000000,0x00000000e0000000,0x00000000f7400000)
  from space 24064K, 0% used [0x00000000f9000000,0x00000000f9000000,0x00000000fa780000)
  to   space 26624K, 0% used [0x00000000f7400000,0x00000000f7400000,0x00000000f8e00000)
 ParOldGen       total 177664K, used 36434K [0x00000000a0000000, 0x00000000aad80000, 0x00000000e0000000)
  object space 177664K, 20% used [0x00000000a0000000,0x00000000a2394b80,0x00000000aad80000)
 Metaspace       used 56805K, capacity 58890K, committed 59160K, reserved 1099776K
  class space    used 7685K, capacity 8228K, committed 8368K, reserved 1048576K
}
Event: 9.835 GC heap before
{Heap before GC invocations=12 (full 3):
 PSYoungGen      total 404992K, used 380928K [0x00000000e0000000, 0x00000000fa800000, 0x0000000100000000)
  eden space 380928K, 100% used [0x00000000e0000000,0x00000000f7400000,0x00000000f7400000)
  from space 24064K, 0% used [0x00000000f9000000,0x00000000f9000000,0x00000000fa780000)
  to   space 26624K, 0% used [0x00000000f7400000,0x00000000f7400000,0x00000000f8e00000)
 ParOldGen       total 177664K, used 36434K [0x00000000a0000000, 0x00000000aad80000, 0x00000000e0000000)
  object space 177664K, 20% used [0x00000000a0000000,0x00000000a2394b80,0x00000000aad80000)
 Metaspace       used 70489K, capacity 73694K, committed 73776K, reserved 1112064K
  class space    used 9579K, capacity 10270K, committed 10288K, reserved 1048576K
Event: 9.853 GC heap after
Heap after GC invocations=12 (full 3):
 PSYoungGen      total 407552K, used 26623K [0x00000000e0000000, 0x0000000100000000, 0x0000000100000000)
  eden space 380928K, 0% used [0x00000000e0000000,0x00000000e0000000,0x00000000f7400000)
  from space 26624K, 99% used [0x00000000f7400000,0x00000000f8dffea8,0x00000000f8e00000)
  to   space 31744K, 0% used [0x00000000fe100000,0x00000000fe100000,0x0000000100000000)
 ParOldGen       total 177664K, used 40264K [0x00000000a0000000, 0x00000000aad80000, 0x00000000e0000000)
  object space 177664K, 22% used [0x00000000a0000000,0x00000000a2752020,0x00000000aad80000)
 Metaspace       used 70489K, capacity 73694K, committed 73776K, reserved 1112064K
  class space    used 9579K, capacity 10270K, committed 10288K, reserved 1048576K
}

