# JRE version: OpenJDK Runtime Environment (8.0_242-b01) (build 1.8.0_242-release-1644-b01)
# Java VM: OpenJDK 64-Bit Server VM (25.242-b01 mixed mode windows-amd64 compressed oops)
Heap:
 PSYoungGen      total 445952K, used 256457K [0x00000000e0000000, 0x0000000100000000, 0x0000000100000000)
  eden space 367616K, 48% used [0x00000000e0000000,0x00000000eadf4260,0x00000000f6700000)
  from space 78336K, 99% used [0x00000000f6700000,0x00000000fb37e2e0,0x00000000fb380000)
  to   space 78336K, 0% used [0x00000000fb380000,0x00000000fb380000,0x0000000100000000)
 ParOldGen       total 287232K, used 135194K [0x00000000a0000000, 0x00000000b1880000, 0x00000000e0000000)
  object space 287232K, 47% used [0x00000000a0000000,0x00000000a8406940,0x00000000b1880000)
 Metaspace       used 103465K, capacity 108535K, committed 109336K, reserved 1144832K
  class space    used 13499K, capacity 14529K, committed 14896K, reserved 1048576K
GC Heap History (10 events):
Event: 25.887 GC heap before
{Heap before GC invocations=15 (full 3):
 PSYoungGen      total 463872K, used 223723K [0x00000000e0000000, 0x0000000100000000, 0x0000000100000000)
  eden space 418816K, 42% used [0x00000000e0000000,0x00000000eaecfea0,0x00000000f9900000)
  from space 45056K, 99% used [0x00000000f9900000,0x00000000fc4aaf58,0x00000000fc500000)
  to   space 57856K, 0% used [0x00000000fc780000,0x00000000fc780000,0x0000000100000000)
 ParOldGen       total 174592K, used 109039K [0x00000000a0000000, 0x00000000aaa80000, 0x00000000e0000000)
  object space 174592K, 62% used [0x00000000a0000000,0x00000000a6a7bf08,0x00000000aaa80000)
 Metaspace       used 93569K, capacity 98549K, committed 98584K, reserved 1134592K
  class space    used 12669K, capacity 13842K, committed 13872K, reserved 1048576K
Event: 25.934 GC heap after
Heap after GC invocations=15 (full 3):
 PSYoungGen      total 445952K, used 57825K [0x00000000e0000000, 0x0000000100000000, 0x0000000100000000)
  eden space 388096K, 0% used [0x00000000e0000000,0x00000000e0000000,0x00000000f7b00000)
  from space 57856K, 99% used [0x00000000fc780000,0x00000000ffff8648,0x0000000100000000)
  to   space 68096K, 0% used [0x00000000f7b00000,0x00000000f7b00000,0x00000000fbd80000)
 ParOldGen       total 174592K, used 111041K [0x00000000a0000000, 0x00000000aaa80000, 0x00000000e0000000)
  object space 174592K, 63% used [0x00000000a0000000,0x00000000a6c707c0,0x00000000aaa80000)
 Metaspace       used 93569K, capacity 98549K, committed 98584K, reserved 1134592K
  class space    used 12669K, capacity 13842K, committed 13872K, reserved 1048576K
}
Event: 25.934 GC heap before
{Heap before GC invocations=16 (full 4):
 PSYoungGen      total 445952K, used 57825K [0x00000000e0000000, 0x0000000100000000, 0x0000000100000000)
  eden space 388096K, 0% used [0x00000000e0000000,0x00000000e0000000,0x00000000f7b00000)
  from space 57856K, 99% used [0x00000000fc780000,0x00000000ffff8648,0x0000000100000000)
  to   space 68096K, 0% used [0x00000000f7b00000,0x00000000f7b00000,0x00000000fbd80000)
 ParOldGen       total 174592K, used 111041K [0x00000000a0000000, 0x00000000aaa80000, 0x00000000e0000000)
  object space 174592K, 63% used [0x00000000a0000000,0x00000000a6c707c0,0x00000000aaa80000)
 Metaspace       used 93569K, capacity 98549K, committed 98584K, reserved 1134592K
  class space    used 12669K, capacity 13842K, committed 13872K, reserved 1048576K
Event: 26.150 GC heap after
Heap after GC invocations=16 (full 4):
 PSYoungGen      total 445952K, used 0K [0x00000000e0000000, 0x0000000100000000, 0x0000000100000000)
  eden space 388096K, 0% used [0x00000000e0000000,0x00000000e0000000,0x00000000f7b00000)
  from space 57856K, 0% used [0x00000000fc780000,0x00000000fc780000,0x0000000100000000)
  to   space 68096K, 0% used [0x00000000f7b00000,0x00000000f7b00000,0x00000000fbd80000)
 ParOldGen       total 287232K, used 84906K [0x00000000a0000000, 0x00000000b1880000, 0x00000000e0000000)
  object space 287232K, 29% used [0x00000000a0000000,0x00000000a52eaa28,0x00000000b1880000)
 Metaspace       used 92580K, capacity 96517K, committed 98584K, reserved 1134592K
  class space    used 12309K, capacity 13182K, committed 13872K, reserved 1048576K
}
Event: 28.248 GC heap before
{Heap before GC invocations=17 (full 4):
 PSYoungGen      total 445952K, used 388096K [0x00000000e0000000, 0x0000000100000000, 0x0000000100000000)
  eden space 388096K, 100% used [0x00000000e0000000,0x00000000f7b00000,0x00000000f7b00000)
  from space 57856K, 0% used [0x00000000fc780000,0x00000000fc780000,0x0000000100000000)
  to   space 68096K, 0% used [0x00000000f7b00000,0x00000000f7b00000,0x00000000fbd80000)
 ParOldGen       total 287232K, used 84906K [0x00000000a0000000, 0x00000000b1880000, 0x00000000e0000000)
  object space 287232K, 29% used [0x00000000a0000000,0x00000000a52eaa28,0x00000000b1880000)
 Metaspace       used 95412K, capacity 99913K, committed 101144K, reserved 1136640K
  class space    used 12649K, capacity 13608K, committed 14128K, reserved 1048576K
Event: 28.299 GC heap after
Heap after GC invocations=17 (full 4):
 PSYoungGen      total 456192K, used 68066K [0x00000000e0000000, 0x0000000100000000, 0x0000000100000000)
  eden space 388096K, 0% used [0x00000000e0000000,0x00000000e0000000,0x00000000f7b00000)
  from space 68096K, 99% used [0x00000000f7b00000,0x00000000fbd78b90,0x00000000fbd80000)
  to   space 68096K, 0% used [0x00000000fbd80000,0x00000000fbd80000,0x0000000100000000)
 ParOldGen       total 287232K, used 92804K [0x00000000a0000000, 0x00000000b1880000, 0x00000000e0000000)
  object space 287232K, 32% used [0x00000000a0000000,0x00000000a5aa1320,0x00000000b1880000)
 Metaspace       used 95412K, capacity 99913K, committed 101144K, reserved 1136640K
  class space    used 12649K, capacity 13608K, committed 14128K, reserved 1048576K
}
Event: 132.965 GC heap before
{Heap before GC invocations=18 (full 4):
 PSYoungGen      total 456192K, used 456162K [0x00000000e0000000, 0x0000000100000000, 0x0000000100000000)
  eden space 388096K, 100% used [0x00000000e0000000,0x00000000f7b00000,0x00000000f7b00000)
  from space 68096K, 99% used [0x00000000f7b00000,0x00000000fbd78b90,0x00000000fbd80000)
  to   space 68096K, 0% used [0x00000000fbd80000,0x00000000fbd80000,0x0000000100000000)
 ParOldGen       total 287232K, used 92804K [0x00000000a0000000, 0x00000000b1880000, 0x00000000e0000000)
  object space 287232K, 32% used [0x00000000a0000000,0x00000000a5aa1320,0x00000000b1880000)
 Metaspace       used 102881K, capacity 107905K, committed 108824K, reserved 1142784K
  class space    used 13483K, capacity 14516K, committed 14896K, reserved 1048576K
Event: 133.005 GC heap after
Heap after GC invocations=18 (full 4):
 PSYoungGen      total 435712K, used 24047K [0x00000000e0000000, 0x0000000100000000, 0x0000000100000000)
  eden space 367616K, 0% used [0x00000000e0000000,0x00000000e0000000,0x00000000f6700000)
  from space 68096K, 35% used [0x00000000fbd80000,0x00000000fd4fbc70,0x0000000100000000)
  to   space 78336K, 0% used [0x00000000f6700000,0x00000000f6700000,0x00000000fb380000)
 ParOldGen       total 287232K, used 119546K [0x00000000a0000000, 0x00000000b1880000, 0x00000000e0000000)
  object space 287232K, 41% used [0x00000000a0000000,0x00000000a74be820,0x00000000b1880000)
 Metaspace       used 102881K, capacity 107905K, committed 108824K, reserved 1142784K
  class space    used 13483K, capacity 14516K, committed 14896K, reserved 1048576K
}
Event: 134.004 GC heap before
{Heap before GC invocations=19 (full 4):
 PSYoungGen      total 435712K, used 391407K [0x00000000e0000000, 0x0000000100000000, 0x0000000100000000)
  eden space 367616K, 99% used [0x00000000e0000000,0x00000000f66c0100,0x00000000f6700000)
  from space 68096K, 35% used [0x00000000fbd80000,0x00000000fd4fbc70,0x0000000100000000)
  to   space 78336K, 0% used [0x00000000f6700000,0x00000000f6700000,0x00000000fb380000)
 ParOldGen       total 287232K, used 119546K [0x00000000a0000000, 0x00000000b1880000, 0x00000000e0000000)
  object space 287232K, 41% used [0x00000000a0000000,0x00000000a74be820,0x00000000b1880000)
 Metaspace       used 103132K, capacity 108205K, committed 109080K, reserved 1142784K
  class space    used 13489K, capacity 14518K, committed 14896K, reserved 1048576K
Event: 134.071 GC heap after
Heap after GC invocations=19 (full 4):
 PSYoungGen      total 445952K, used 78328K [0x00000000e0000000, 0x0000000100000000, 0x0000000100000000)
  eden space 367616K, 0% used [0x00000000e0000000,0x00000000e0000000,0x00000000f6700000)
  from space 78336K, 99% used [0x00000000f6700000,0x00000000fb37e2e0,0x00000000fb380000)
  to   space 78336K, 0% used [0x00000000fb380000,0x00000000fb380000,0x0000000100000000)
 ParOldGen       total 287232K, used 135194K [0x00000000a0000000, 0x00000000b1880000, 0x00000000e0000000)
  object space 287232K, 47% used [0x00000000a0000000,0x00000000a8406940,0x00000000b1880000)
 Metaspace       used 103132K, capacity 108205K, committed 109080K, reserved 1142784K
  class space    used 13489K, capacity 14518K, committed 14896K, reserved 1048576K
}

