# JRE version: OpenJDK Runtime Environment (8.0_152-b01) (build 1.8.0_152-release-1248-b01)
# Java VM: OpenJDK 64-Bit Server VM (25.152-b01 mixed mode windows-amd64 compressed oops)
Heap:
 PSYoungGen      total 470528K, used 91007K [0x00000000e0000000, 0x0000000100000000, 0x0000000100000000)
  eden space 434688K, 14% used [0x00000000e0000000,0x00000000e3e236e8,0x00000000fa880000)
  from space 35840K, 76% used [0x00000000fa880000,0x00000000fc33c868,0x00000000fcb80000)
  to   space 38400K, 0% used [0x00000000fda80000,0x00000000fda80000,0x0000000100000000)
 ParOldGen       total 91136K, used 67321K [0x00000000a0000000, 0x00000000a5900000, 0x00000000e0000000)
  object space 91136K, 73% used [0x00000000a0000000,0x00000000a41be660,0x00000000a5900000)
 Metaspace       used 84978K, capacity 88332K, committed 88576K, reserved 1126400K
  class space    used 11060K, capacity 11765K, committed 11776K, reserved 1048576K
GC Heap History (10 events):
Event: 28.142 GC heap before
{Heap before GC invocations=24 (full 3):
 PSYoungGen      total 346624K, used 335834K [0x00000000e0000000, 0x00000000f7100000, 0x0000000100000000)
  eden space 319488K, 100% used [0x00000000e0000000,0x00000000f3800000,0x00000000f3800000)
  from space 27136K, 60% used [0x00000000f5380000,0x00000000f6376ae8,0x00000000f6e00000)
  to   space 28160K, 0% used [0x00000000f3800000,0x00000000f3800000,0x00000000f5380000)
 ParOldGen       total 91136K, used 52745K [0x00000000a0000000, 0x00000000a5900000, 0x00000000e0000000)
  object space 91136K, 57% used [0x00000000a0000000,0x00000000a3382418,0x00000000a5900000)
 Metaspace       used 75089K, capacity 77600K, committed 77824K, reserved 1116160K
  class space    used 9854K, capacity 10451K, committed 10496K, reserved 1048576K
Event: 28.160 GC heap after
Heap after GC invocations=24 (full 3):
 PSYoungGen      total 347648K, used 8648K [0x00000000e0000000, 0x00000000fa280000, 0x0000000100000000)
  eden space 319488K, 0% used [0x00000000e0000000,0x00000000e0000000,0x00000000f3800000)
  from space 28160K, 30% used [0x00000000f3800000,0x00000000f40723c0,0x00000000f5380000)
  to   space 26624K, 0% used [0x00000000f8880000,0x00000000f8880000,0x00000000fa280000)
 ParOldGen       total 91136K, used 52753K [0x00000000a0000000, 0x00000000a5900000, 0x00000000e0000000)
  object space 91136K, 57% used [0x00000000a0000000,0x00000000a3384418,0x00000000a5900000)
 Metaspace       used 75089K, capacity 77600K, committed 77824K, reserved 1116160K
  class space    used 9854K, capacity 10451K, committed 10496K, reserved 1048576K
}
Event: 29.037 GC heap before
{Heap before GC invocations=25 (full 3):
 PSYoungGen      total 347648K, used 328136K [0x00000000e0000000, 0x00000000fa280000, 0x0000000100000000)
  eden space 319488K, 100% used [0x00000000e0000000,0x00000000f3800000,0x00000000f3800000)
  from space 28160K, 30% used [0x00000000f3800000,0x00000000f40723c0,0x00000000f5380000)
  to   space 26624K, 0% used [0x00000000f8880000,0x00000000f8880000,0x00000000fa280000)
 ParOldGen       total 91136K, used 52753K [0x00000000a0000000, 0x00000000a5900000, 0x00000000e0000000)
  object space 91136K, 57% used [0x00000000a0000000,0x00000000a3384418,0x00000000a5900000)
 Metaspace       used 75104K, capacity 77600K, committed 77824K, reserved 1116160K
  class space    used 9854K, capacity 10451K, committed 10496K, reserved 1048576K
Event: 29.068 GC heap after
Heap after GC invocations=25 (full 3):
 PSYoungGen      total 400896K, used 18010K [0x00000000e0000000, 0x00000000faa80000, 0x0000000100000000)
  eden space 374272K, 0% used [0x00000000e0000000,0x00000000e0000000,0x00000000f6d80000)
  from space 26624K, 67% used [0x00000000f8880000,0x00000000f9a169a8,0x00000000fa280000)
  to   space 27648K, 0% used [0x00000000f6d80000,0x00000000f6d80000,0x00000000f8880000)
 ParOldGen       total 91136K, used 52753K [0x00000000a0000000, 0x00000000a5900000, 0x00000000e0000000)
  object space 91136K, 57% used [0x00000000a0000000,0x00000000a3384418,0x00000000a5900000)
 Metaspace       used 75104K, capacity 77600K, committed 77824K, reserved 1116160K
  class space    used 9854K, capacity 10451K, committed 10496K, reserved 1048576K
}
Event: 30.750 GC heap before
{Heap before GC invocations=26 (full 3):
 PSYoungGen      total 400896K, used 392282K [0x00000000e0000000, 0x00000000faa80000, 0x0000000100000000)
  eden space 374272K, 100% used [0x00000000e0000000,0x00000000f6d80000,0x00000000f6d80000)
  from space 26624K, 67% used [0x00000000f8880000,0x00000000f9a169a8,0x00000000fa280000)
  to   space 27648K, 0% used [0x00000000f6d80000,0x00000000f6d80000,0x00000000f8880000)
 ParOldGen       total 91136K, used 52753K [0x00000000a0000000, 0x00000000a5900000, 0x00000000e0000000)
  object space 91136K, 57% used [0x00000000a0000000,0x00000000a3384418,0x00000000a5900000)
 Metaspace       used 75115K, capacity 77664K, committed 77824K, reserved 1116160K
  class space    used 9854K, capacity 10451K, committed 10496K, reserved 1048576K
Event: 30.772 GC heap after
Heap after GC invocations=26 (full 3):
 PSYoungGen      total 401920K, used 16402K [0x00000000e0000000, 0x00000000fe700000, 0x0000000100000000)
  eden space 374272K, 0% used [0x00000000e0000000,0x00000000e0000000,0x00000000f6d80000)
  from space 27648K, 59% used [0x00000000f6d80000,0x00000000f7d84940,0x00000000f8880000)
  to   space 28160K, 0% used [0x00000000fcb80000,0x00000000fcb80000,0x00000000fe700000)
 ParOldGen       total 91136K, used 53685K [0x00000000a0000000, 0x00000000a5900000, 0x00000000e0000000)
  object space 91136K, 58% used [0x00000000a0000000,0x00000000a346d448,0x00000000a5900000)
 Metaspace       used 75115K, capacity 77664K, committed 77824K, reserved 1116160K
  class space    used 9854K, capacity 10451K, committed 10496K, reserved 1048576K
}
Event: 36.015 GC heap before
{Heap before GC invocations=27 (full 3):
 PSYoungGen      total 401920K, used 390270K [0x00000000e0000000, 0x00000000fe700000, 0x0000000100000000)
  eden space 374272K, 99% used [0x00000000e0000000,0x00000000f6d1b110,0x00000000f6d80000)
  from space 27648K, 59% used [0x00000000f6d80000,0x00000000f7d84940,0x00000000f8880000)
  to   space 28160K, 0% used [0x00000000fcb80000,0x00000000fcb80000,0x00000000fe700000)
 ParOldGen       total 91136K, used 53685K [0x00000000a0000000, 0x00000000a5900000, 0x00000000e0000000)
  object space 91136K, 58% used [0x00000000a0000000,0x00000000a346d448,0x00000000a5900000)
 Metaspace       used 76310K, capacity 78972K, committed 79232K, reserved 1118208K
  class space    used 9985K, capacity 10595K, committed 10624K, reserved 1048576K
Event: 36.057 GC heap after
Heap after GC invocations=27 (full 3):
 PSYoungGen      total 462848K, used 28147K [0x00000000e0000000, 0x00000000ff000000, 0x0000000100000000)
  eden space 434688K, 0% used [0x00000000e0000000,0x00000000e0000000,0x00000000fa880000)
  from space 28160K, 99% used [0x00000000fcb80000,0x00000000fe6fcfe0,0x00000000fe700000)
  to   space 35840K, 0% used [0x00000000fa880000,0x00000000fa880000,0x00000000fcb80000)
 ParOldGen       total 91136K, used 62853K [0x00000000a0000000, 0x00000000a5900000, 0x00000000e0000000)
  object space 91136K, 68% used [0x00000000a0000000,0x00000000a3d61650,0x00000000a5900000)
 Metaspace       used 76310K, capacity 78972K, committed 79232K, reserved 1118208K
  class space    used 9985K, capacity 10595K, committed 10624K, reserved 1048576K
}
Event: 41.855 GC heap before
{Heap before GC invocations=28 (full 3):
 PSYoungGen      total 462848K, used 462835K [0x00000000e0000000, 0x00000000ff000000, 0x0000000100000000)
  eden space 434688K, 100% used [0x00000000e0000000,0x00000000fa880000,0x00000000fa880000)
  from space 28160K, 99% used [0x00000000fcb80000,0x00000000fe6fcfe0,0x00000000fe700000)
  to   space 35840K, 0% used [0x00000000fa880000,0x00000000fa880000,0x00000000fcb80000)
 ParOldGen       total 91136K, used 62853K [0x00000000a0000000, 0x00000000a5900000, 0x00000000e0000000)
  object space 91136K, 68% used [0x00000000a0000000,0x00000000a3d61650,0x00000000a5900000)
 Metaspace       used 83326K, capacity 86536K, committed 86784K, reserved 1124352K
  class space    used 10970K, capacity 11653K, committed 11776K, reserved 1048576K
Event: 41.976 GC heap after
Heap after GC invocations=28 (full 3):
 PSYoungGen      total 470528K, used 27378K [0x00000000e0000000, 0x0000000100000000, 0x0000000100000000)
  eden space 434688K, 0% used [0x00000000e0000000,0x00000000e0000000,0x00000000fa880000)
  from space 35840K, 76% used [0x00000000fa880000,0x00000000fc33c868,0x00000000fcb80000)
  to   space 38400K, 0% used [0x00000000fda80000,0x00000000fda80000,0x0000000100000000)
 ParOldGen       total 91136K, used 67321K [0x00000000a0000000, 0x00000000a5900000, 0x00000000e0000000)
  object space 91136K, 73% used [0x00000000a0000000,0x00000000a41be660,0x00000000a5900000)
 Metaspace       used 83326K, capacity 86536K, committed 86784K, reserved 1124352K
  class space    used 10970K, capacity 11653K, committed 11776K, reserved 1048576K
}

